<?xml version="1.0" encoding="UTF-8"?>
<!-- Generated by org.testng.reporters.JUnitReportReporter -->
<testsuite hostname="LENOVO-PC" failures="0" tests="3" name="TestNg.enabled" time="0.060" errors="0" timestamp="2022-08-27T12:04:30 IST" skipped="1">
  <testcase classname="TestNg.enabled" name="TC1" time="0.056"/>
  <system-out/>
  <testcase classname="TestNg.enabled" name="TC2" time="0.004"/>
  <system-out/>
  <testcase classname="TestNg.enabled" name="TC3">
    <skipped/>
  </testcase> <!-- TC3 -->
  <system-out/>
</testsuite> <!-- TestNg.enabled -->
