<?xml version="1.0" encoding="UTF-8"?>
<!-- Generated by org.testng.reporters.JUnitReportReporter -->
<testsuite hostname="LENOVO-PC" failures="0" tests="1" name="TestNg.TimeOut" time="5.080" errors="0" timestamp="2022-08-27T14:08:18 IST" skipped="0">
  <testcase classname="TestNg.TimeOut" name="TC1" time="5.080"/>
  <system-out>
    <![CDATA[running TC1]]>
  </system-out>
</testsuite> <!-- TestNg.TimeOut -->
