<?xml version="1.0" encoding="UTF-8"?>
<!-- Generated by org.testng.reporters.JUnitReportReporter -->
<testsuite hostname="LENOVO-PC" failures="0" tests="1" name="TestNg.testNg_class" time="108.599" errors="0" timestamp="2022-08-27T10:07:52 IST" skipped="0">
  <testcase classname="TestNg.testNg_class" name="TC" time="108.599"/>
  <system-out/>
</testsuite> <!-- TestNg.testNg_class -->
