<?xml version="1.0" encoding="UTF-8"?>
<!-- Generated by org.testng.reporters.JUnitReportReporter -->
<testsuite hostname="LENOVO-PC" failures="0" tests="3" name="TestNg.example2_priority" time="0.059" errors="0" timestamp="2022-08-27T12:48:28 IST" skipped="0">
  <testcase classname="TestNg.example2_priority" name="TC2" time="0.047"/>
  <system-out>
    <![CDATA[running TC2]]>
  </system-out>
  <testcase classname="TestNg.example2_priority" name="TC1" time="0.008"/>
  <system-out>
    <![CDATA[running TC1]]>
  </system-out>
  <testcase classname="TestNg.example2_priority" name="TC3" time="0.004"/>
  <system-out>
    <![CDATA[running TC3]]>
  </system-out>
</testsuite> <!-- TestNg.example2_priority -->
