<?xml version="1.0" encoding="UTF-8"?>
<!-- Generated by org.testng.reporters.JUnitReportReporter -->
<testsuite hostname="LENOVO-PC" failures="0" tests="3" name="TestNg.example2_testclass" time="0.037" errors="0" timestamp="2022-08-27T10:11:22 IST" skipped="0">
  <testcase classname="TestNg.example2_testclass" name="TC1" time="0.032"/>
  <system-out>
    <![CDATA[running TC1]]>
  </system-out>
  <testcase classname="TestNg.example2_testclass" name="TC3" time="0.002"/>
  <system-out>
    <![CDATA[running TC3]]>
  </system-out>
  <testcase classname="TestNg.example2_testclass" name="TC2" time="0.003"/>
  <system-out>
    <![CDATA[running TC2]]>
  </system-out>
</testsuite> <!-- TestNg.example2_testclass -->
