<?xml version="1.0" encoding="UTF-8"?>
<!-- Generated by org.testng.reporters.JUnitReportReporter -->
<testsuite hostname="LENOVO-PC" failures="0" tests="2" name="TestNg.sample1" time="0.032" errors="0" timestamp="2022-08-27T14:54:16 IST" skipped="0">
  <testcase classname="TestNg.sample1" name="TC2" time="0.010"/>
  <system-out>
    <![CDATA[running TC2]]>
  </system-out>
  <testcase classname="TestNg.sample1" name="TC1" time="0.022"/>
  <system-out>
    <![CDATA[running TC1]]>
  </system-out>
</testsuite> <!-- TestNg.sample1 -->
