<?xml version="1.0" encoding="UTF-8"?>
<!-- Generated by org.testng.reporters.JUnitReportReporter -->
<testsuite hostname="LENOVO-PC" failures="0" tests="3" name="TestNg.exam1_Priority" time="0.027" errors="0" timestamp="2022-08-27T12:37:12 IST" skipped="0">
  <testcase classname="TestNg.exam1_Priority" name="TC2" time="0.022"/>
  <system-out/>
  <testcase classname="TestNg.exam1_Priority" name="TC3" time="0.003"/>
  <system-out/>
  <testcase classname="TestNg.exam1_Priority" name="TC1" time="0.002"/>
  <system-out/>
</testsuite> <!-- TestNg.exam1_Priority -->
