<?xml version="1.0" encoding="UTF-8"?>
<!-- Generated by org.testng.reporters.JUnitReportReporter -->
<testsuite hostname="LENOVO-PC" failures="0" tests="3" name="AnnotationTestNg.example_annotation" time="0.040" errors="0" timestamp="2022-08-22T20:00:26 IST" skipped="0">
  <testcase classname="AnnotationTestNg.example_annotation" name="VerifyUser3" time="0.009"/>
  <system-out/>
  <testcase classname="AnnotationTestNg.example_annotation" name="VerifyUser1" time="0.028"/>
  <system-out/>
  <testcase classname="AnnotationTestNg.example_annotation" name="VerifyUser2" time="0.003"/>
  <system-out/>
</testsuite> <!-- AnnotationTestNg.example_annotation -->
