<?xml version="1.0" encoding="UTF-8"?>
<!-- Generated by org.testng.reporters.JUnitReportReporter -->
<testsuite hostname="LENOVO-PC" failures="0" tests="2" name="TestNg.BeforeAfterClassMethod" time="0.032" errors="0" timestamp="2022-08-27T10:56:01 IST" skipped="0">
  <testcase classname="TestNg.BeforeAfterClassMethod" name="userid2" time="0.006"/>
  <system-out/>
  <testcase classname="TestNg.BeforeAfterClassMethod" name="userid1" time="0.026"/>
  <system-out/>
</testsuite> <!-- TestNg.BeforeAfterClassMethod -->
