<?xml version="1.0" encoding="UTF-8"?>
<!-- Generated by org.testng.reporters.JUnitReportReporter -->
<testsuite hostname="LENOVO-PC" failures="0" tests="3" name="TestNg.dependsOnMethod" time="0.027" errors="0" timestamp="2022-08-27T14:31:23 IST" skipped="0">
  <testcase classname="TestNg.dependsOnMethod" name="login2" time="0.002"/>
  <system-out/>
  <testcase classname="TestNg.dependsOnMethod" name="login1" time="0.022"/>
  <system-out/>
  <testcase classname="TestNg.dependsOnMethod" name="logout" time="0.003"/>
  <system-out/>
</testsuite> <!-- TestNg.dependsOnMethod -->
