<?xml version="1.0" encoding="UTF-8"?>
<!-- Generated by org.testng.reporters.JUnitReportReporter -->
<testsuite hostname="LENOVO-PC" failures="0" tests="2" name="TestNg.example_BeforeAfterClass" time="0.020" errors="0" timestamp="2022-08-27T11:12:40 IST" skipped="0">
  <testcase classname="TestNg.example_BeforeAfterClass" name="userid1" time="0.015"/>
  <system-out/>
  <testcase classname="TestNg.example_BeforeAfterClass" name="userid2" time="0.005"/>
  <system-out/>
</testsuite> <!-- TestNg.example_BeforeAfterClass -->
