<?xml version="1.0" encoding="UTF-8"?>
<!-- Generated by org.testng.reporters.JUnitReportReporter -->
<testsuite hostname="LENOVO-PC" failures="0" tests="3" name="TestNg.invocationCount" time="0.078" errors="0" timestamp="2022-08-27T11:28:43 IST" skipped="0">
  <testcase classname="TestNg.invocationCount" name="userid1" time="0.002"/>
  <system-out/>
  <testcase classname="TestNg.invocationCount" name="userid1" time="0.068"/>
  <system-out/>
  <testcase classname="TestNg.invocationCount" name="userid1" time="0.008"/>
  <system-out/>
</testsuite> <!-- TestNg.invocationCount -->
